<?xml version="1.0" encoding="UTF-8"?>
<coverage generated="1775323621307" clover="3.2.0">
  <project timestamp="1775323621307" name="All files">
    <metrics statements="278" coveredstatements="207" conditionals="128" coveredconditionals="92" methods="47" coveredmethods="42" elements="453" coveredelements="341" complexity="0" loc="278" ncloc="278" packages="1" files="4" classes="4"/>
    <file name="question.ts" path="E:\mathy\src\question.ts">
      <metrics statements="49" coveredstatements="49" conditionals="20" coveredconditionals="19" methods="6" coveredmethods="6"/>
      <line num="12" count="14827" type="stmt"/>
      <line num="16" count="1231" type="cond" truecount="2" falsecount="0"/>
      <line num="17" count="731" type="stmt"/>
      <line num="21" count="1661" type="cond" truecount="4" falsecount="0"/>
      <line num="23" count="931" type="stmt"/>
      <line num="24" count="931" type="stmt"/>
      <line num="25" count="931" type="stmt"/>
      <line num="26" count="931" type="stmt"/>
      <line num="29" count="300" type="stmt"/>
      <line num="30" count="300" type="stmt"/>
      <line num="31" count="300" type="cond" truecount="1" falsecount="1"/>
      <line num="32" count="300" type="stmt"/>
      <line num="35" count="230" type="cond" truecount="2" falsecount="0"/>
      <line num="36" count="130" type="stmt"/>
      <line num="37" count="130" type="stmt"/>
      <line num="39" count="130" type="cond" truecount="2" falsecount="0"/>
      <line num="40" count="61" type="stmt"/>
      <line num="42" count="69" type="stmt"/>
      <line num="45" count="100" type="stmt"/>
      <line num="46" count="100" type="stmt"/>
      <line num="47" count="100" type="stmt"/>
      <line num="50" count="200" type="cond" truecount="2" falsecount="0"/>
      <line num="51" count="100" type="stmt"/>
      <line num="52" count="100" type="stmt"/>
      <line num="53" count="100" type="stmt"/>
      <line num="54" count="100" type="stmt"/>
      <line num="57" count="100" type="stmt"/>
      <line num="58" count="100" type="stmt"/>
      <line num="59" count="100" type="stmt"/>
      <line num="60" count="100" type="stmt"/>
      <line num="66" count="1661" type="stmt"/>
      <line num="67" count="1661" type="stmt"/>
      <line num="69" count="1661" type="stmt"/>
      <line num="71" count="6752" type="cond" truecount="2" falsecount="0"/>
      <line num="73" count="3308" type="stmt"/>
      <line num="76" count="3444" type="stmt"/>
      <line num="78" count="6752" type="cond" truecount="4" falsecount="0"/>
      <line num="79" count="5327" type="stmt"/>
      <line num="82" count="1661" type="stmt"/>
      <line num="86" count="1661" type="stmt"/>
      <line num="87" count="1661" type="stmt"/>
      <line num="88" count="4983" type="stmt"/>
      <line num="89" count="4983" type="stmt"/>
      <line num="91" count="1661" type="stmt"/>
      <line num="95" count="1661" type="stmt"/>
      <line num="96" count="1661" type="stmt"/>
      <line num="97" count="1661" type="stmt"/>
      <line num="98" count="1661" type="stmt"/>
      <line num="99" count="1661" type="stmt"/>
    </file>
    <file name="score.ts" path="E:\mathy\src\score.ts">
      <metrics statements="67" coveredstatements="61" conditionals="30" coveredconditionals="25" methods="10" coveredmethods="9"/>
      <line num="11" count="20" type="stmt"/>
      <line num="13" count="20" type="stmt"/>
      <line num="14" count="20" type="stmt"/>
      <line num="17" count="20" type="stmt"/>
      <line num="18" count="20" type="stmt"/>
      <line num="19" count="20" type="stmt"/>
      <line num="22" count="20" type="stmt"/>
      <line num="23" count="20" type="stmt"/>
      <line num="24" count="20" type="stmt"/>
      <line num="28" count="12" type="stmt"/>
      <line num="29" count="12" type="stmt"/>
      <line num="30" count="12" type="stmt"/>
      <line num="34" count="141" type="stmt"/>
      <line num="35" count="141" type="stmt"/>
      <line num="36" count="141" type="stmt"/>
      <line num="37" count="141" type="stmt"/>
      <line num="38" count="141" type="stmt"/>
      <line num="42" count="2" type="stmt"/>
      <line num="43" count="2" type="stmt"/>
      <line num="44" count="2" type="stmt"/>
      <line num="48" count="7" type="cond" truecount="2" falsecount="0"/>
      <line num="49" count="6" type="cond" truecount="2" falsecount="0"/>
      <line num="51" count="5" type="stmt"/>
      <line num="53" count="5" type="cond" truecount="2" falsecount="0"/>
      <line num="55" count="4" type="stmt"/>
      <line num="56" count="4" type="stmt"/>
      <line num="57" count="4" type="cond" truecount="2" falsecount="0"/>
      <line num="58" count="3" type="stmt"/>
      <line num="59" count="3" type="stmt"/>
      <line num="60" count="3" type="stmt"/>
      <line num="61" count="3" type="stmt"/>
      <line num="65" count="1" type="stmt"/>
      <line num="66" count="1" type="cond" truecount="3" falsecount="1"/>
      <line num="67" count="1" type="stmt"/>
      <line num="68" count="1" type="cond" truecount="1" falsecount="1"/>
      <line num="69" count="1" type="stmt"/>
      <line num="70" count="1" type="stmt"/>
      <line num="71" count="1" type="stmt"/>
      <line num="72" count="1" type="stmt"/>
      <line num="76" count="0" type="stmt"/>
      <line num="77" count="0" type="stmt"/>
      <line num="79" count="0" type="cond" truecount="0" falsecount="2"/>
      <line num="82" count="0" type="stmt"/>
      <line num="83" count="0" type="stmt"/>
      <line num="86" count="0" type="stmt"/>
      <line num="90" count="3" type="cond" truecount="2" falsecount="0"/>
      <line num="91" count="2" type="stmt"/>
      <line num="95" count="4" type="stmt"/>
      <line num="96" count="4" type="cond" truecount="2" falsecount="0"/>
      <line num="97" count="3" type="stmt"/>
      <line num="98" count="3" type="stmt"/>
      <line num="99" count="3" type="stmt"/>
      <line num="102" count="4" type="stmt"/>
      <line num="103" count="4" type="stmt"/>
      <line num="104" count="4" type="cond" truecount="2" falsecount="0"/>
      <line num="105" count="4" type="cond" truecount="2" falsecount="0"/>
      <line num="107" count="3" type="stmt"/>
      <line num="108" count="3" type="stmt"/>
      <line num="109" count="3" type="stmt"/>
      <line num="111" count="4" type="cond" truecount="2" falsecount="0"/>
      <line num="112" count="3" type="stmt"/>
      <line num="117" count="1" type="stmt"/>
      <line num="118" count="1" type="stmt"/>
      <line num="119" count="1" type="stmt"/>
      <line num="120" count="1" type="stmt"/>
      <line num="124" count="1" type="stmt"/>
      <line num="132" count="1" type="cond" truecount="1" falsecount="1"/>
    </file>
    <file name="shape.ts" path="E:\mathy\src\shape.ts">
      <metrics statements="99" coveredstatements="37" conditionals="30" coveredconditionals="13" methods="11" coveredmethods="7"/>
      <line num="5" count="1" type="stmt"/>
      <line num="16" count="31" type="stmt"/>
      <line num="18" count="31" type="stmt"/>
      <line num="19" count="31" type="stmt"/>
      <line num="20" count="31" type="stmt"/>
      <line num="21" count="31" type="stmt"/>
      <line num="24" count="31" type="stmt"/>
      <line num="25" count="31" type="stmt"/>
      <line num="26" count="31" type="stmt"/>
      <line num="27" count="31" type="stmt"/>
      <line num="28" count="31" type="stmt"/>
      <line num="29" count="31" type="stmt"/>
      <line num="31" count="31" type="stmt"/>
      <line num="32" count="31" type="stmt"/>
      <line num="36" count="4" type="cond" truecount="2" falsecount="0"/>
      <line num="37" count="3" type="stmt"/>
      <line num="40" count="3" type="cond" truecount="2" falsecount="0"/>
      <line num="41" count="1" type="stmt"/>
      <line num="42" count="1" type="stmt"/>
      <line num="44" count="3" type="cond" truecount="2" falsecount="0"/>
      <line num="45" count="1" type="stmt"/>
      <line num="46" count="1" type="cond" truecount="1" falsecount="1"/>
      <line num="51" count="6" type="stmt"/>
      <line num="52" count="6" type="stmt"/>
      <line num="53" count="6" type="stmt"/>
      <line num="55" count="6" type="cond" truecount="2" falsecount="2"/>
      <line num="57" count="3" type="stmt"/>
      <line num="59" count="3" type="cond" truecount="2" falsecount="0"/>
      <line num="62" count="0" type="stmt"/>
      <line num="63" count="0" type="stmt"/>
      <line num="64" count="0" type="stmt"/>
      <line num="65" count="0" type="cond" truecount="0" falsecount="4"/>
      <line num="66" count="0" type="stmt"/>
      <line num="67" count="0" type="stmt"/>
      <line num="71" count="0" type="stmt"/>
      <line num="77" count="0" type="cond" truecount="0" falsecount="2"/>
      <line num="78" count="0" type="stmt"/>
      <line num="79" count="0" type="stmt"/>
      <line num="80" count="0" type="stmt"/>
      <line num="81" count="0" type="stmt"/>
      <line num="83" count="0" type="stmt"/>
      <line num="86" count="0" type="stmt"/>
      <line num="87" count="0" type="cond" truecount="0" falsecount="4"/>
      <line num="89" count="0" type="stmt"/>
      <line num="90" count="0" type="stmt"/>
      <line num="92" count="0" type="stmt"/>
      <line num="93" count="0" type="stmt"/>
      <line num="95" count="0" type="stmt"/>
      <line num="96" count="0" type="stmt"/>
      <line num="97" count="0" type="stmt"/>
      <line num="98" count="0" type="stmt"/>
      <line num="99" count="0" type="stmt"/>
      <line num="101" count="0" type="stmt"/>
      <line num="102" count="0" type="stmt"/>
      <line num="103" count="0" type="stmt"/>
      <line num="104" count="0" type="stmt"/>
      <line num="105" count="0" type="cond" truecount="0" falsecount="2"/>
      <line num="107" count="0" type="stmt"/>
      <line num="108" count="0" type="stmt"/>
      <line num="112" count="0" type="stmt"/>
      <line num="113" count="0" type="stmt"/>
      <line num="114" count="0" type="stmt"/>
      <line num="115" count="0" type="stmt"/>
      <line num="116" count="0" type="stmt"/>
      <line num="119" count="0" type="stmt"/>
      <line num="120" count="0" type="stmt"/>
      <line num="121" count="0" type="stmt"/>
      <line num="122" count="0" type="stmt"/>
      <line num="123" count="0" type="stmt"/>
      <line num="124" count="0" type="stmt"/>
      <line num="127" count="0" type="stmt"/>
      <line num="128" count="0" type="stmt"/>
      <line num="129" count="0" type="stmt"/>
      <line num="130" count="0" type="stmt"/>
      <line num="131" count="0" type="stmt"/>
      <line num="132" count="0" type="stmt"/>
      <line num="135" count="0" type="stmt"/>
      <line num="136" count="0" type="stmt"/>
      <line num="137" count="0" type="stmt"/>
      <line num="138" count="0" type="stmt"/>
      <line num="139" count="0" type="cond" truecount="0" falsecount="2"/>
      <line num="140" count="0" type="stmt"/>
      <line num="142" count="0" type="stmt"/>
      <line num="146" count="0" type="stmt"/>
      <line num="150" count="0" type="stmt"/>
      <line num="154" count="0" type="stmt"/>
      <line num="155" count="0" type="stmt"/>
      <line num="156" count="0" type="stmt"/>
      <line num="157" count="0" type="stmt"/>
      <line num="158" count="0" type="stmt"/>
      <line num="162" count="2" type="stmt"/>
      <line num="166" count="2" type="stmt"/>
      <line num="176" count="4" type="stmt"/>
      <line num="177" count="4" type="stmt"/>
      <line num="178" count="4" type="stmt"/>
      <line num="179" count="4" type="stmt"/>
      <line num="181" count="4" type="stmt"/>
      <line num="182" count="16" type="stmt"/>
      <line num="183" count="16" type="stmt"/>
    </file>
    <file name="user.ts" path="E:\mathy\src\user.ts">
      <metrics statements="63" coveredstatements="60" conditionals="48" coveredconditionals="35" methods="20" coveredmethods="20"/>
      <line num="15" count="35" type="stmt"/>
      <line num="23" count="2" type="stmt"/>
      <line num="26" count="35" type="stmt"/>
      <line num="29" count="35" type="stmt"/>
      <line num="33" count="5" type="stmt"/>
      <line num="40" count="16" type="stmt"/>
      <line num="41" count="16" type="cond" truecount="2" falsecount="0"/>
      <line num="42" count="14" type="stmt"/>
      <line num="46" count="32" type="stmt"/>
      <line num="47" count="32" type="cond" truecount="2" falsecount="0"/>
      <line num="48" count="31" type="cond" truecount="2" falsecount="0"/>
      <line num="49" count="1" type="stmt"/>
      <line num="51" count="30" type="stmt"/>
      <line num="56" count="30" type="stmt"/>
      <line num="57" count="30" type="stmt"/>
      <line num="58" count="30" type="stmt"/>
      <line num="62" count="10" type="stmt"/>
      <line num="63" count="10" type="cond" truecount="1" falsecount="1"/>
      <line num="64" count="10" type="stmt"/>
      <line num="65" count="10" type="stmt"/>
      <line num="69" count="2" type="stmt"/>
      <line num="70" count="1" type="stmt"/>
      <line num="74" count="35" type="stmt"/>
      <line num="75" count="35" type="stmt"/>
      <line num="76" count="35" type="cond" truecount="2" falsecount="0"/>
      <line num="77" count="5" type="stmt"/>
      <line num="78" count="5" type="cond" truecount="1" falsecount="1"/>
      <line num="79" count="5" type="stmt"/>
      <line num="81" count="1" type="stmt"/>
      <line num="86" count="5" type="cond" truecount="3" falsecount="1"/>
      <line num="87" count="5" type="stmt"/>
      <line num="88" count="5" type="cond" truecount="1" falsecount="1"/>
      <line num="89" count="5" type="cond" truecount="1" falsecount="1"/>
      <line num="91" count="5" type="stmt"/>
      <line num="95" count="5" type="cond" truecount="2" falsecount="0"/>
      <line num="96" count="2" type="stmt"/>
      <line num="97" count="2" type="stmt"/>
      <line num="98" count="3" type="stmt"/>
      <line num="100" count="2" type="stmt"/>
      <line num="101" count="3" type="stmt"/>
      <line num="104" count="2" type="cond" truecount="1" falsecount="1"/>
      <line num="105" count="0" type="stmt"/>
      <line num="107" count="3" type="cond" truecount="3" falsecount="1"/>
      <line num="108" count="3" type="stmt"/>
      <line num="109" count="3" type="stmt"/>
      <line num="110" count="3" type="stmt"/>
      <line num="111" count="12" type="stmt"/>
      <line num="112" count="12" type="cond" truecount="3" falsecount="1"/>
      <line num="113" count="12" type="stmt"/>
      <line num="114" count="12" type="cond" truecount="3" falsecount="1"/>
      <line num="117" count="12" type="cond" truecount="1" falsecount="1"/>
      <line num="119" count="6" type="cond" truecount="3" falsecount="1"/>
      <line num="122" count="12" type="stmt"/>
      <line num="126" count="3" type="cond" truecount="1" falsecount="1"/>
      <line num="127" count="0" type="stmt"/>
      <line num="130" count="0" type="stmt"/>
      <line num="133" count="5" type="stmt"/>
      <line num="141" count="41" type="stmt"/>
      <line num="142" count="41" type="stmt"/>
      <line num="150" count="19" type="stmt"/>
      <line num="151" count="19" type="stmt"/>
      <line num="152" count="76" type="stmt"/>
      <line num="154" count="19" type="stmt"/>
    </file>
  </project>
</coverage>
