{"E:\\mathy\\src\\question.ts": {"path":"E:\\mathy\\src\\question.ts","statementMap":{"0":{"start":{"line":12,"column":2},"end":{"line":12,"column":null}},"1":{"start":{"line":16,"column":2},"end":{"line":16,"column":null}},"2":{"start":{"line":16,"column":20},"end":{"line":16,"column":null}},"3":{"start":{"line":17,"column":2},"end":{"line":17,"column":null}},"4":{"start":{"line":21,"column":2},"end":{"line":60,"column":null}},"5":{"start":{"line":23,"column":23},"end":{"line":23,"column":43}},"6":{"start":{"line":24,"column":16},"end":{"line":24,"column":31}},"7":{"start":{"line":25,"column":16},"end":{"line":25,"column":31}},"8":{"start":{"line":26,"column":6},"end":{"line":26,"column":null}},"9":{"start":{"line":29,"column":23},"end":{"line":29,"column":43}},"10":{"start":{"line":30,"column":16},"end":{"line":30,"column":31}},"11":{"start":{"line":31,"column":16},"end":{"line":31,"column":58}},"12":{"start":{"line":32,"column":6},"end":{"line":32,"column":null}},"13":{"start":{"line":35,"column":6},"end":{"line":42,"column":null}},"14":{"start":{"line":36,"column":22},"end":{"line":36,"column":null}},"15":{"start":{"line":37,"column":22},"end":{"line":37,"column":35}},"16":{"start":{"line":39,"column":8},"end":{"line":40,"column":null}},"17":{"start":{"line":40,"column":10},"end":{"line":40,"column":null}},"18":{"start":{"line":42,"column":8},"end":{"line":42,"column":null}},"19":{"start":{"line":45,"column":16},"end":{"line":45,"column":29}},"20":{"start":{"line":46,"column":16},"end":{"line":46,"column":29}},"21":{"start":{"line":47,"column":6},"end":{"line":47,"column":null}},"22":{"start":{"line":50,"column":6},"end":{"line":54,"column":null}},"23":{"start":{"line":51,"column":24},"end":{"line":51,"column":null}},"24":{"start":{"line":52,"column":23},"end":{"line":52,"column":36}},"25":{"start":{"line":53,"column":25},"end":{"line":53,"column":null}},"26":{"start":{"line":54,"column":8},"end":{"line":54,"column":null}},"27":{"start":{"line":57,"column":16},"end":{"line":57,"column":29}},"28":{"start":{"line":58,"column":21},"end":{"line":58,"column":34}},"29":{"start":{"line":59,"column":16},"end":{"line":59,"column":null}},"30":{"start":{"line":60,"column":6},"end":{"line":60,"column":null}},"31":{"start":{"line":66,"column":17},"end":{"line":66,"column":34}},"32":{"start":{"line":67,"column":17},"end":{"line":67,"column":null}},"33":{"start":{"line":69,"column":2},"end":{"line":79,"column":null}},"34":{"start":{"line":71,"column":4},"end":{"line":76,"column":null}},"35":{"start":{"line":73,"column":6},"end":{"line":73,"column":null}},"36":{"start":{"line":76,"column":6},"end":{"line":76,"column":null}},"37":{"start":{"line":78,"column":4},"end":{"line":79,"column":null}},"38":{"start":{"line":79,"column":6},"end":{"line":79,"column":null}},"39":{"start":{"line":82,"column":2},"end":{"line":82,"column":null}},"40":{"start":{"line":86,"column":17},"end":{"line":86,"column":25}},"41":{"start":{"line":87,"column":2},"end":{"line":89,"column":null}},"42":{"start":{"line":87,"column":15},"end":{"line":87,"column":34}},"43":{"start":{"line":88,"column":14},"end":{"line":88,"column":27}},"44":{"start":{"line":89,"column":4},"end":{"line":89,"column":null}},"45":{"start":{"line":91,"column":2},"end":{"line":91,"column":null}},"46":{"start":{"line":95,"column":39},"end":{"line":95,"column":65}},"47":{"start":{"line":96,"column":15},"end":{"line":96,"column":null}},"48":{"start":{"line":97,"column":17},"end":{"line":97,"column":72}},"49":{"start":{"line":98,"column":18},"end":{"line":98,"column":46}},"50":{"start":{"line":99,"column":2},"end":{"line":99,"column":null}}},"fnMap":{"0":{"name":"randInt","decl":{"start":{"line":11,"column":9},"end":{"line":11,"column":17}},"loc":{"start":{"line":11,"column":51},"end":{"line":12,"column":null}},"line":11},"1":{"name":"getLevelRange","decl":{"start":{"line":15,"column":9},"end":{"line":15,"column":23}},"loc":{"start":{"line":15,"column":56},"end":{"line":17,"column":null}},"line":15},"2":{"name":"generateProblem","decl":{"start":{"line":20,"column":9},"end":{"line":20,"column":25}},"loc":{"start":{"line":20,"column":112},"end":{"line":60,"column":null}},"line":20},"3":{"name":"generateWrongAnswers","decl":{"start":{"line":65,"column":9},"end":{"line":65,"column":30}},"loc":{"start":{"line":65,"column":72},"end":{"line":82,"column":null}},"line":65},"4":{"name":"shuffle","decl":{"start":{"line":85,"column":9},"end":{"line":85,"column":20}},"loc":{"start":{"line":85,"column":35},"end":{"line":91,"column":null}},"line":85},"5":{"name":"createQuestion","decl":{"start":{"line":94,"column":16},"end":{"line":94,"column":31}},"loc":{"start":{"line":94,"column":71},"end":{"line":99,"column":null}},"line":94}},"branchMap":{"0":{"loc":{"start":{"line":16,"column":2},"end":{"line":16,"column":null}},"type":"if","locations":[{"start":{"line":16,"column":2},"end":{"line":16,"column":null}},{"start":{},"end":{}}],"line":16},"1":{"loc":{"start":{"line":21,"column":2},"end":{"line":60,"column":null}},"type":"switch","locations":[{"start":{"line":22,"column":4},"end":{"line":26,"column":null}},{"start":{"line":28,"column":4},"end":{"line":32,"column":null}},{"start":{"line":34,"column":4},"end":{"line":47,"column":null}},{"start":{"line":49,"column":4},"end":{"line":60,"column":null}}],"line":21},"2":{"loc":{"start":{"line":31,"column":28},"end":{"line":31,"column":57}},"type":"cond-expr","locations":[{"start":{"line":31,"column":37},"end":{"line":31,"column":42}},{"start":{"line":31,"column":42},"end":{"line":31,"column":57}}],"line":31},"3":{"loc":{"start":{"line":35,"column":6},"end":{"line":42,"column":null}},"type":"if","locations":[{"start":{"line":35,"column":6},"end":{"line":42,"column":null}},{"start":{},"end":{}}],"line":35},"4":{"loc":{"start":{"line":39,"column":8},"end":{"line":40,"column":null}},"type":"if","locations":[{"start":{"line":39,"column":8},"end":{"line":40,"column":null}},{"start":{},"end":{}}],"line":39},"5":{"loc":{"start":{"line":50,"column":6},"end":{"line":54,"column":null}},"type":"if","locations":[{"start":{"line":50,"column":6},"end":{"line":54,"column":null}},{"start":{},"end":{}}],"line":50},"6":{"loc":{"start":{"line":71,"column":4},"end":{"line":76,"column":null}},"type":"if","locations":[{"start":{"line":71,"column":4},"end":{"line":76,"column":null}},{"start":{"line":74,"column":11},"end":{"line":76,"column":null}}],"line":71},"7":{"loc":{"start":{"line":78,"column":4},"end":{"line":79,"column":null}},"type":"if","locations":[{"start":{"line":78,"column":4},"end":{"line":79,"column":null}},{"start":{},"end":{}}],"line":78},"8":{"loc":{"start":{"line":78,"column":8},"end":{"line":78,"column":41}},"type":"binary-expr","locations":[{"start":{"line":78,"column":8},"end":{"line":78,"column":29}},{"start":{"line":78,"column":29},"end":{"line":78,"column":41}}],"line":78}},"s":{"0":14827,"1":1231,"2":500,"3":731,"4":1661,"5":931,"6":931,"7":931,"8":931,"9":300,"10":300,"11":300,"12":300,"13":230,"14":130,"15":130,"16":130,"17":61,"18":69,"19":100,"20":100,"21":100,"22":200,"23":100,"24":100,"25":100,"26":100,"27":100,"28":100,"29":100,"30":100,"31":1661,"32":1661,"33":1661,"34":6752,"35":3308,"36":3444,"37":6752,"38":5327,"39":1661,"40":1661,"41":1661,"42":1661,"43":4983,"44":4983,"45":1661,"46":1661,"47":1661,"48":1661,"49":1661,"50":1661},"f":{"0":14827,"1":1231,"2":1661,"3":1661,"4":1661,"5":1661},"b":{"0":[500,731],"1":[931,300,230,200],"2":[0,300],"3":[130,100],"4":[61,69],"5":[100,100],"6":[3308,3444],"7":[5327,1425],"8":[6752,6324]},"meta":{"lastBranch":9,"lastFunction":6,"lastStatement":51,"seen":{"f:11:9:11:17":0,"s:12:2:12:Infinity":0,"f:15:9:15:23":1,"b:16:2:16:Infinity:undefined:undefined:undefined:undefined":0,"s:16:2:16:Infinity":1,"s:16:20:16:Infinity":2,"s:17:2:17:Infinity":3,"f:20:9:20:25":2,"b:22:4:26:Infinity:28:4:32:Infinity:34:4:47:Infinity:49:4:60:Infinity":1,"s:21:2:60:Infinity":4,"s:23:23:23:43":5,"s:24:16:24:31":6,"s:25:16:25:31":7,"s:26:6:26:Infinity":8,"s:29:23:29:43":9,"s:30:16:30:31":10,"s:31:16:31:58":11,"b:31:37:31:42:31:42:31:57":2,"s:32:6:32:Infinity":12,"b:35:6:42:Infinity:undefined:undefined:undefined:undefined":3,"s:35:6:42:Infinity":13,"s:36:22:36:Infinity":14,"s:37:22:37:35":15,"b:39:8:40:Infinity:undefined:undefined:undefined:undefined":4,"s:39:8:40:Infinity":16,"s:40:10:40:Infinity":17,"s:42:8:42:Infinity":18,"s:45:16:45:29":19,"s:46:16:46:29":20,"s:47:6:47:Infinity":21,"b:50:6:54:Infinity:undefined:undefined:undefined:undefined":5,"s:50:6:54:Infinity":22,"s:51:24:51:Infinity":23,"s:52:23:52:36":24,"s:53:25:53:Infinity":25,"s:54:8:54:Infinity":26,"s:57:16:57:29":27,"s:58:21:58:34":28,"s:59:16:59:Infinity":29,"s:60:6:60:Infinity":30,"f:65:9:65:30":3,"s:66:17:66:34":31,"s:67:17:67:Infinity":32,"s:69:2:79:Infinity":33,"b:71:4:76:Infinity:74:11:76:Infinity":6,"s:71:4:76:Infinity":34,"s:73:6:73:Infinity":35,"s:76:6:76:Infinity":36,"b:78:4:79:Infinity:undefined:undefined:undefined:undefined":7,"s:78:4:79:Infinity":37,"b:78:8:78:29:78:29:78:41":8,"s:79:6:79:Infinity":38,"s:82:2:82:Infinity":39,"f:85:9:85:20":4,"s:86:17:86:25":40,"s:87:2:89:Infinity":41,"s:87:15:87:34":42,"s:88:14:88:27":43,"s:89:4:89:Infinity":44,"s:91:2:91:Infinity":45,"f:94:16:94:31":5,"s:95:39:95:65":46,"s:96:15:96:Infinity":47,"s:97:17:97:72":48,"s:98:18:98:46":49,"s:99:2:99:Infinity":50}}}
,"E:\\mathy\\src\\score.ts": {"path":"E:\\mathy\\src\\score.ts","statementMap":{"0":{"start":{"line":11,"column":10},"end":{"line":11,"column":null}},"1":{"start":{"line":13,"column":10},"end":{"line":13,"column":null}},"2":{"start":{"line":14,"column":22},"end":{"line":14,"column":null}},"3":{"start":{"line":17,"column":32},"end":{"line":17,"column":null}},"4":{"start":{"line":18,"column":24},"end":{"line":18,"column":null}},"5":{"start":{"line":19,"column":26},"end":{"line":19,"column":null}},"6":{"start":{"line":22,"column":4},"end":{"line":22,"column":null}},"7":{"start":{"line":23,"column":4},"end":{"line":23,"column":null}},"8":{"start":{"line":24,"column":4},"end":{"line":24,"column":null}},"9":{"start":{"line":28,"column":4},"end":{"line":28,"column":null}},"10":{"start":{"line":29,"column":4},"end":{"line":29,"column":null}},"11":{"start":{"line":30,"column":4},"end":{"line":30,"column":null}},"12":{"start":{"line":34,"column":4},"end":{"line":34,"column":null}},"13":{"start":{"line":35,"column":4},"end":{"line":35,"column":null}},"14":{"start":{"line":36,"column":22},"end":{"line":36,"column":null}},"15":{"start":{"line":37,"column":4},"end":{"line":37,"column":null}},"16":{"start":{"line":38,"column":4},"end":{"line":38,"column":null}},"17":{"start":{"line":42,"column":4},"end":{"line":42,"column":null}},"18":{"start":{"line":43,"column":4},"end":{"line":43,"column":null}},"19":{"start":{"line":44,"column":4},"end":{"line":44,"column":null}},"20":{"start":{"line":48,"column":4},"end":{"line":48,"column":null}},"21":{"start":{"line":48,"column":28},"end":{"line":48,"column":null}},"22":{"start":{"line":49,"column":4},"end":{"line":49,"column":null}},"23":{"start":{"line":49,"column":52},"end":{"line":49,"column":null}},"24":{"start":{"line":51,"column":20},"end":{"line":51,"column":null}},"25":{"start":{"line":53,"column":4},"end":{"line":61,"column":null}},"26":{"start":{"line":55,"column":24},"end":{"line":55,"column":null}},"27":{"start":{"line":56,"column":22},"end":{"line":56,"column":null}},"28":{"start":{"line":57,"column":6},"end":{"line":57,"column":null}},"29":{"start":{"line":57,"column":46},"end":{"line":57,"column":null}},"30":{"start":{"line":58,"column":6},"end":{"line":58,"column":null}},"31":{"start":{"line":59,"column":6},"end":{"line":59,"column":null}},"32":{"start":{"line":60,"column":6},"end":{"line":60,"column":null}},"33":{"start":{"line":61,"column":6},"end":{"line":61,"column":null}},"34":{"start":{"line":65,"column":16},"end":{"line":65,"column":46}},"35":{"start":{"line":66,"column":4},"end":{"line":72,"column":null}},"36":{"start":{"line":67,"column":21},"end":{"line":67,"column":null}},"37":{"start":{"line":68,"column":6},"end":{"line":68,"column":null}},"38":{"start":{"line":68,"column":59},"end":{"line":68,"column":null}},"39":{"start":{"line":69,"column":6},"end":{"line":69,"column":null}},"40":{"start":{"line":70,"column":6},"end":{"line":70,"column":null}},"41":{"start":{"line":71,"column":6},"end":{"line":71,"column":null}},"42":{"start":{"line":72,"column":6},"end":{"line":72,"column":null}},"43":{"start":{"line":76,"column":24},"end":{"line":77,"column":null}},"44":{"start":{"line":77,"column":14},"end":{"line":77,"column":null}},"45":{"start":{"line":79,"column":4},"end":{"line":83,"column":null}},"46":{"start":{"line":82,"column":6},"end":{"line":82,"column":null}},"47":{"start":{"line":83,"column":6},"end":{"line":83,"column":null}},"48":{"start":{"line":86,"column":4},"end":{"line":86,"column":null}},"49":{"start":{"line":90,"column":4},"end":{"line":90,"column":null}},"50":{"start":{"line":90,"column":22},"end":{"line":90,"column":null}},"51":{"start":{"line":91,"column":4},"end":{"line":91,"column":null}},"52":{"start":{"line":95,"column":18},"end":{"line":95,"column":null}},"53":{"start":{"line":96,"column":4},"end":{"line":99,"column":null}},"54":{"start":{"line":97,"column":6},"end":{"line":97,"column":null}},"55":{"start":{"line":98,"column":6},"end":{"line":98,"column":null}},"56":{"start":{"line":99,"column":6},"end":{"line":99,"column":null}},"57":{"start":{"line":102,"column":19},"end":{"line":102,"column":null}},"58":{"start":{"line":103,"column":16},"end":{"line":103,"column":null}},"59":{"start":{"line":104,"column":17},"end":{"line":104,"column":null}},"60":{"start":{"line":105,"column":4},"end":{"line":109,"column":null}},"61":{"start":{"line":107,"column":6},"end":{"line":107,"column":null}},"62":{"start":{"line":107,"column":35},"end":{"line":107,"column":null}},"63":{"start":{"line":108,"column":6},"end":{"line":108,"column":null}},"64":{"start":{"line":109,"column":6},"end":{"line":109,"column":null}},"65":{"start":{"line":111,"column":4},"end":{"line":112,"column":null}},"66":{"start":{"line":112,"column":6},"end":{"line":112,"column":null}},"67":{"start":{"line":117,"column":4},"end":{"line":117,"column":null}},"68":{"start":{"line":118,"column":4},"end":{"line":118,"column":null}},"69":{"start":{"line":119,"column":4},"end":{"line":119,"column":null}},"70":{"start":{"line":120,"column":4},"end":{"line":120,"column":null}},"71":{"start":{"line":124,"column":41},"end":{"line":129,"column":null}},"72":{"start":{"line":132,"column":2},"end":{"line":132,"column":null}}},"fnMap":{"0":{"name":"(anonymous_0)","decl":{"start":{"line":21,"column":2},"end":{"line":21,"column":14}},"loc":{"start":{"line":21,"column":58},"end":{"line":24,"column":null}},"line":21},"1":{"name":"(anonymous_1)","decl":{"start":{"line":27,"column":2},"end":{"line":27,"column":17}},"loc":{"start":{"line":27,"column":53},"end":{"line":30,"column":null}},"line":27},"2":{"name":"(anonymous_2)","decl":{"start":{"line":33,"column":2},"end":{"line":33,"column":13}},"loc":{"start":{"line":33,"column":33},"end":{"line":38,"column":null}},"line":33},"3":{"name":"(anonymous_3)","decl":{"start":{"line":41,"column":2},"end":{"line":41,"column":19}},"loc":{"start":{"line":41,"column":19},"end":{"line":44,"column":null}},"line":41},"4":{"name":"(anonymous_4)","decl":{"start":{"line":47,"column":2},"end":{"line":47,"column":37}},"loc":{"start":{"line":47,"column":37},"end":{"line":86,"column":null}},"line":47},"5":{"name":"(anonymous_5)","decl":{"start":{"line":76,"column":32},"end":{"line":76,"column":null}},"loc":{"start":{"line":77,"column":14},"end":{"line":77,"column":null}},"line":77},"6":{"name":"(anonymous_6)","decl":{"start":{"line":89,"column":2},"end":{"line":89,"column":15}},"loc":{"start":{"line":89,"column":44},"end":{"line":91,"column":null}},"line":89},"7":{"name":"(anonymous_7)","decl":{"start":{"line":94,"column":2},"end":{"line":94,"column":24}},"loc":{"start":{"line":94,"column":24},"end":{"line":112,"column":null}},"line":94},"8":{"name":"(anonymous_8)","decl":{"start":{"line":116,"column":2},"end":{"line":116,"column":16}},"loc":{"start":{"line":116,"column":16},"end":{"line":120,"column":null}},"line":116},"9":{"name":"opName","decl":{"start":{"line":131,"column":9},"end":{"line":131,"column":16}},"loc":{"start":{"line":131,"column":39},"end":{"line":132,"column":null}},"line":131}},"branchMap":{"0":{"loc":{"start":{"line":33,"column":13},"end":{"line":33,"column":33}},"type":"default-arg","locations":[{"start":{"line":33,"column":21},"end":{"line":33,"column":33}}],"line":33},"1":{"loc":{"start":{"line":48,"column":4},"end":{"line":48,"column":null}},"type":"if","locations":[{"start":{"line":48,"column":4},"end":{"line":48,"column":null}},{"start":{},"end":{}}],"line":48},"2":{"loc":{"start":{"line":49,"column":4},"end":{"line":49,"column":null}},"type":"if","locations":[{"start":{"line":49,"column":4},"end":{"line":49,"column":null}},{"start":{},"end":{}}],"line":49},"3":{"loc":{"start":{"line":53,"column":4},"end":{"line":61,"column":null}},"type":"if","locations":[{"start":{"line":53,"column":4},"end":{"line":61,"column":null}},{"start":{},"end":{}}],"line":53},"4":{"loc":{"start":{"line":57,"column":6},"end":{"line":57,"column":null}},"type":"if","locations":[{"start":{"line":57,"column":6},"end":{"line":57,"column":null}},{"start":{},"end":{}}],"line":57},"5":{"loc":{"start":{"line":66,"column":4},"end":{"line":72,"column":null}},"type":"if","locations":[{"start":{"line":66,"column":4},"end":{"line":72,"column":null}},{"start":{},"end":{}}],"line":66},"6":{"loc":{"start":{"line":66,"column":8},"end":{"line":66,"column":46}},"type":"binary-expr","locations":[{"start":{"line":66,"column":8},"end":{"line":66,"column":20}},{"start":{"line":66,"column":20},"end":{"line":66,"column":46}}],"line":66},"7":{"loc":{"start":{"line":68,"column":6},"end":{"line":68,"column":null}},"type":"if","locations":[{"start":{"line":68,"column":6},"end":{"line":68,"column":null}},{"start":{},"end":{}}],"line":68},"8":{"loc":{"start":{"line":79,"column":4},"end":{"line":83,"column":null}},"type":"if","locations":[{"start":{"line":79,"column":4},"end":{"line":83,"column":null}},{"start":{},"end":{}}],"line":79},"9":{"loc":{"start":{"line":89,"column":15},"end":{"line":89,"column":44}},"type":"default-arg","locations":[{"start":{"line":89,"column":29},"end":{"line":89,"column":44}}],"line":89},"10":{"loc":{"start":{"line":90,"column":4},"end":{"line":90,"column":null}},"type":"if","locations":[{"start":{"line":90,"column":4},"end":{"line":90,"column":null}},{"start":{},"end":{}}],"line":90},"11":{"loc":{"start":{"line":96,"column":4},"end":{"line":99,"column":null}},"type":"if","locations":[{"start":{"line":96,"column":4},"end":{"line":99,"column":null}},{"start":{},"end":{}}],"line":96},"12":{"loc":{"start":{"line":104,"column":17},"end":{"line":104,"column":null}},"type":"binary-expr","locations":[{"start":{"line":104,"column":17},"end":{"line":104,"column":32}},{"start":{"line":104,"column":32},"end":{"line":104,"column":null}}],"line":104},"13":{"loc":{"start":{"line":105,"column":4},"end":{"line":109,"column":null}},"type":"if","locations":[{"start":{"line":105,"column":4},"end":{"line":109,"column":null}},{"start":{},"end":{}}],"line":105},"14":{"loc":{"start":{"line":111,"column":4},"end":{"line":112,"column":null}},"type":"if","locations":[{"start":{"line":111,"column":4},"end":{"line":112,"column":null}},{"start":{},"end":{}}],"line":111},"15":{"loc":{"start":{"line":132,"column":9},"end":{"line":132,"column":null}},"type":"binary-expr","locations":[{"start":{"line":132,"column":9},"end":{"line":132,"column":25}},{"start":{"line":132,"column":25},"end":{"line":132,"column":null}}],"line":132}},"s":{"0":20,"1":20,"2":20,"3":20,"4":20,"5":20,"6":20,"7":20,"8":20,"9":12,"10":12,"11":12,"12":141,"13":141,"14":141,"15":141,"16":141,"17":2,"18":2,"19":2,"20":7,"21":1,"22":6,"23":1,"24":5,"25":5,"26":4,"27":4,"28":4,"29":1,"30":3,"31":3,"32":3,"33":3,"34":1,"35":1,"36":1,"37":1,"38":0,"39":1,"40":1,"41":1,"42":1,"43":0,"44":0,"45":0,"46":0,"47":0,"48":0,"49":3,"50":1,"51":2,"52":4,"53":4,"54":3,"55":3,"56":3,"57":4,"58":4,"59":4,"60":4,"61":3,"62":3,"63":3,"64":3,"65":4,"66":3,"67":1,"68":1,"69":1,"70":1,"71":1,"72":1},"f":{"0":20,"1":12,"2":141,"3":2,"4":7,"5":0,"6":3,"7":4,"8":1,"9":1},"b":{"0":[141],"1":[1,6],"2":[1,5],"3":[4,1],"4":[1,3],"5":[1,0],"6":[1,1],"7":[0,1],"8":[0,0],"9":[3],"10":[1,2],"11":[3,1],"12":[4,3],"13":[3,1],"14":[3,1],"15":[1,0]},"meta":{"lastBranch":16,"lastFunction":10,"lastStatement":73,"seen":{"f:21:2:21:14":0,"s:11:10:11:Infinity":0,"s:13:10:13:Infinity":1,"s:14:22:14:Infinity":2,"s:17:32:17:Infinity":3,"s:18:24:18:Infinity":4,"s:19:26:19:Infinity":5,"s:22:4:22:Infinity":6,"s:23:4:23:Infinity":7,"s:24:4:24:Infinity":8,"f:27:2:27:17":1,"s:28:4:28:Infinity":9,"s:29:4:29:Infinity":10,"s:30:4:30:Infinity":11,"f:33:2:33:13":2,"b:33:21:33:33":0,"s:34:4:34:Infinity":12,"s:35:4:35:Infinity":13,"s:36:22:36:Infinity":14,"s:37:4:37:Infinity":15,"s:38:4:38:Infinity":16,"f:41:2:41:19":3,"s:42:4:42:Infinity":17,"s:43:4:43:Infinity":18,"s:44:4:44:Infinity":19,"f:47:2:47:37":4,"b:48:4:48:Infinity:undefined:undefined:undefined:undefined":1,"s:48:4:48:Infinity":20,"s:48:28:48:Infinity":21,"b:49:4:49:Infinity:undefined:undefined:undefined:undefined":2,"s:49:4:49:Infinity":22,"s:49:52:49:Infinity":23,"s:51:20:51:Infinity":24,"b:53:4:61:Infinity:undefined:undefined:undefined:undefined":3,"s:53:4:61:Infinity":25,"s:55:24:55:Infinity":26,"s:56:22:56:Infinity":27,"b:57:6:57:Infinity:undefined:undefined:undefined:undefined":4,"s:57:6:57:Infinity":28,"s:57:46:57:Infinity":29,"s:58:6:58:Infinity":30,"s:59:6:59:Infinity":31,"s:60:6:60:Infinity":32,"s:61:6:61:Infinity":33,"s:65:16:65:46":34,"b:66:4:72:Infinity:undefined:undefined:undefined:undefined":5,"s:66:4:72:Infinity":35,"b:66:8:66:20:66:20:66:46":6,"s:67:21:67:Infinity":36,"b:68:6:68:Infinity:undefined:undefined:undefined:undefined":7,"s:68:6:68:Infinity":37,"s:68:59:68:Infinity":38,"s:69:6:69:Infinity":39,"s:70:6:70:Infinity":40,"s:71:6:71:Infinity":41,"s:72:6:72:Infinity":42,"s:76:24:77:Infinity":43,"f:76:32:76:Infinity":5,"s:77:14:77:Infinity":44,"b:79:4:83:Infinity:undefined:undefined:undefined:undefined":8,"s:79:4:83:Infinity":45,"s:82:6:82:Infinity":46,"s:83:6:83:Infinity":47,"s:86:4:86:Infinity":48,"f:89:2:89:15":6,"b:89:29:89:44":9,"b:90:4:90:Infinity:undefined:undefined:undefined:undefined":10,"s:90:4:90:Infinity":49,"s:90:22:90:Infinity":50,"s:91:4:91:Infinity":51,"f:94:2:94:24":7,"s:95:18:95:Infinity":52,"b:96:4:99:Infinity:undefined:undefined:undefined:undefined":11,"s:96:4:99:Infinity":53,"s:97:6:97:Infinity":54,"s:98:6:98:Infinity":55,"s:99:6:99:Infinity":56,"s:102:19:102:Infinity":57,"s:103:16:103:Infinity":58,"s:104:17:104:Infinity":59,"b:104:17:104:32:104:32:104:Infinity":12,"b:105:4:109:Infinity:undefined:undefined:undefined:undefined":13,"s:105:4:109:Infinity":60,"s:107:6:107:Infinity":61,"s:107:35:107:Infinity":62,"s:108:6:108:Infinity":63,"s:109:6:109:Infinity":64,"b:111:4:112:Infinity:undefined:undefined:undefined:undefined":14,"s:111:4:112:Infinity":65,"s:112:6:112:Infinity":66,"f:116:2:116:16":8,"s:117:4:117:Infinity":67,"s:118:4:118:Infinity":68,"s:119:4:119:Infinity":69,"s:120:4:120:Infinity":70,"s:124:41:129:Infinity":71,"f:131:9:131:16":9,"s:132:2:132:Infinity":72,"b:132:9:132:25:132:25:132:Infinity":15}}}
,"E:\\mathy\\src\\shape.ts": {"path":"E:\\mathy\\src\\shape.ts","statementMap":{"0":{"start":{"line":5,"column":33},"end":{"line":5,"column":null}},"1":{"start":{"line":16,"column":10},"end":{"line":16,"column":null}},"2":{"start":{"line":18,"column":10},"end":{"line":18,"column":null}},"3":{"start":{"line":19,"column":12},"end":{"line":19,"column":null}},"4":{"start":{"line":20,"column":16},"end":{"line":20,"column":null}},"5":{"start":{"line":21,"column":17},"end":{"line":21,"column":null}},"6":{"start":{"line":24,"column":4},"end":{"line":24,"column":null}},"7":{"start":{"line":25,"column":4},"end":{"line":25,"column":null}},"8":{"start":{"line":26,"column":4},"end":{"line":26,"column":null}},"9":{"start":{"line":27,"column":4},"end":{"line":27,"column":null}},"10":{"start":{"line":28,"column":4},"end":{"line":28,"column":null}},"11":{"start":{"line":29,"column":4},"end":{"line":30,"column":null}},"12":{"start":{"line":31,"column":4},"end":{"line":31,"column":null}},"13":{"start":{"line":32,"column":4},"end":{"line":32,"column":null}},"14":{"start":{"line":36,"column":4},"end":{"line":36,"column":null}},"15":{"start":{"line":36,"column":21},"end":{"line":36,"column":null}},"16":{"start":{"line":37,"column":4},"end":{"line":37,"column":null}},"17":{"start":{"line":40,"column":4},"end":{"line":42,"column":null}},"18":{"start":{"line":41,"column":6},"end":{"line":41,"column":null}},"19":{"start":{"line":42,"column":6},"end":{"line":42,"column":null}},"20":{"start":{"line":44,"column":4},"end":{"line":46,"column":null}},"21":{"start":{"line":45,"column":6},"end":{"line":45,"column":null}},"22":{"start":{"line":46,"column":6},"end":{"line":46,"column":null}},"23":{"start":{"line":46,"column":44},"end":{"line":46,"column":null}},"24":{"start":{"line":51,"column":15},"end":{"line":51,"column":null}},"25":{"start":{"line":52,"column":15},"end":{"line":52,"column":null}},"26":{"start":{"line":53,"column":14},"end":{"line":53,"column":null}},"27":{"start":{"line":55,"column":4},"end":{"line":71,"column":null}},"28":{"start":{"line":57,"column":8},"end":{"line":57,"column":null}},"29":{"start":{"line":59,"column":8},"end":{"line":59,"column":null}},"30":{"start":{"line":62,"column":18},"end":{"line":62,"column":34}},"31":{"start":{"line":63,"column":21},"end":{"line":63,"column":null}},"32":{"start":{"line":64,"column":21},"end":{"line":64,"column":null}},"33":{"start":{"line":65,"column":8},"end":{"line":65,"column":null}},"34":{"start":{"line":65,"column":36},"end":{"line":65,"column":null}},"35":{"start":{"line":66,"column":14},"end":{"line":66,"column":null}},"36":{"start":{"line":67,"column":8},"end":{"line":67,"column":null}},"37":{"start":{"line":71,"column":8},"end":{"line":71,"column":null}},"38":{"start":{"line":77,"column":4},"end":{"line":77,"column":null}},"39":{"start":{"line":77,"column":21},"end":{"line":77,"column":null}},"40":{"start":{"line":78,"column":4},"end":{"line":78,"column":null}},"41":{"start":{"line":79,"column":4},"end":{"line":79,"column":null}},"42":{"start":{"line":80,"column":4},"end":{"line":80,"column":null}},"43":{"start":{"line":81,"column":4},"end":{"line":81,"column":null}},"44":{"start":{"line":83,"column":14},"end":{"line":83,"column":null}},"45":{"start":{"line":86,"column":4},"end":{"line":86,"column":null}},"46":{"start":{"line":87,"column":4},"end":{"line":108,"column":null}},"47":{"start":{"line":89,"column":8},"end":{"line":89,"column":null}},"48":{"start":{"line":90,"column":8},"end":{"line":90,"column":null}},"49":{"start":{"line":92,"column":8},"end":{"line":92,"column":null}},"50":{"start":{"line":93,"column":8},"end":{"line":93,"column":null}},"51":{"start":{"line":95,"column":8},"end":{"line":95,"column":null}},"52":{"start":{"line":96,"column":8},"end":{"line":96,"column":null}},"53":{"start":{"line":97,"column":8},"end":{"line":97,"column":null}},"54":{"start":{"line":98,"column":8},"end":{"line":98,"column":null}},"55":{"start":{"line":99,"column":8},"end":{"line":99,"column":null}},"56":{"start":{"line":101,"column":8},"end":{"line":105,"column":null}},"57":{"start":{"line":101,"column":21},"end":{"line":101,"column":24}},"58":{"start":{"line":102,"column":25},"end":{"line":102,"column":null}},"59":{"start":{"line":103,"column":21},"end":{"line":103,"column":null}},"60":{"start":{"line":104,"column":21},"end":{"line":104,"column":null}},"61":{"start":{"line":105,"column":10},"end":{"line":105,"column":null}},"62":{"start":{"line":105,"column":25},"end":{"line":105,"column":52}},"63":{"start":{"line":105,"column":54},"end":{"line":105,"column":null}},"64":{"start":{"line":107,"column":8},"end":{"line":107,"column":null}},"65":{"start":{"line":108,"column":8},"end":{"line":108,"column":null}},"66":{"start":{"line":112,"column":17},"end":{"line":112,"column":67}},"67":{"start":{"line":113,"column":4},"end":{"line":113,"column":null}},"68":{"start":{"line":114,"column":4},"end":{"line":114,"column":null}},"69":{"start":{"line":115,"column":4},"end":{"line":115,"column":null}},"70":{"start":{"line":116,"column":4},"end":{"line":116,"column":null}},"71":{"start":{"line":119,"column":4},"end":{"line":119,"column":null}},"72":{"start":{"line":120,"column":4},"end":{"line":120,"column":null}},"73":{"start":{"line":121,"column":4},"end":{"line":121,"column":null}},"74":{"start":{"line":122,"column":4},"end":{"line":122,"column":null}},"75":{"start":{"line":123,"column":4},"end":{"line":123,"column":null}},"76":{"start":{"line":124,"column":4},"end":{"line":124,"column":null}},"77":{"start":{"line":127,"column":4},"end":{"line":127,"column":null}},"78":{"start":{"line":128,"column":4},"end":{"line":128,"column":null}},"79":{"start":{"line":129,"column":4},"end":{"line":129,"column":null}},"80":{"start":{"line":130,"column":4},"end":{"line":130,"column":null}},"81":{"start":{"line":131,"column":4},"end":{"line":131,"column":null}},"82":{"start":{"line":132,"column":4},"end":{"line":132,"column":null}},"83":{"start":{"line":135,"column":4},"end":{"line":135,"column":null}},"84":{"start":{"line":136,"column":4},"end":{"line":136,"column":null}},"85":{"start":{"line":137,"column":4},"end":{"line":137,"column":null}},"86":{"start":{"line":138,"column":4},"end":{"line":138,"column":null}},"87":{"start":{"line":139,"column":18},"end":{"line":139,"column":null}},"88":{"start":{"line":140,"column":4},"end":{"line":140,"column":null}},"89":{"start":{"line":142,"column":4},"end":{"line":142,"column":null}},"90":{"start":{"line":146,"column":4},"end":{"line":146,"column":null}},"91":{"start":{"line":150,"column":4},"end":{"line":150,"column":null}},"92":{"start":{"line":154,"column":16},"end":{"line":154,"column":42}},"93":{"start":{"line":155,"column":14},"end":{"line":155,"column":71}},"94":{"start":{"line":156,"column":14},"end":{"line":156,"column":70}},"95":{"start":{"line":157,"column":14},"end":{"line":157,"column":63}},"96":{"start":{"line":158,"column":4},"end":{"line":158,"column":null}},"97":{"start":{"line":162,"column":4},"end":{"line":162,"column":null}},"98":{"start":{"line":166,"column":4},"end":{"line":166,"column":null}},"99":{"start":{"line":176,"column":16},"end":{"line":176,"column":null}},"100":{"start":{"line":177,"column":8},"end":{"line":177,"column":null}},"101":{"start":{"line":178,"column":22},"end":{"line":178,"column":null}},"102":{"start":{"line":179,"column":18},"end":{"line":179,"column":null}},"103":{"start":{"line":181,"column":2},"end":{"line":184,"column":null}},"104":{"start":{"line":182,"column":14},"end":{"line":182,"column":null}},"105":{"start":{"line":183,"column":4},"end":{"line":183,"column":null}}},"fnMap":{"0":{"name":"(anonymous_0)","decl":{"start":{"line":23,"column":2},"end":{"line":23,"column":14}},"loc":{"start":{"line":23,"column":80},"end":{"line":32,"column":null}},"line":23},"1":{"name":"(anonymous_1)","decl":{"start":{"line":35,"column":2},"end":{"line":35,"column":9}},"loc":{"start":{"line":35,"column":27},"end":{"line":46,"column":null}},"line":35},"2":{"name":"(anonymous_2)","decl":{"start":{"line":50,"column":2},"end":{"line":50,"column":16}},"loc":{"start":{"line":50,"column":49},"end":{"line":71,"column":null}},"line":50},"3":{"name":"(anonymous_3)","decl":{"start":{"line":76,"column":2},"end":{"line":76,"column":7}},"loc":{"start":{"line":76,"column":44},"end":{"line":142,"column":null}},"line":76},"4":{"name":"(anonymous_4)","decl":{"start":{"line":145,"column":2},"end":{"line":145,"column":10}},"loc":{"start":{"line":145,"column":60},"end":{"line":146,"column":null}},"line":145},"5":{"name":"(anonymous_5)","decl":{"start":{"line":149,"column":2},"end":{"line":149,"column":10}},"loc":{"start":{"line":149,"column":59},"end":{"line":150,"column":null}},"line":149},"6":{"name":"(anonymous_6)","decl":{"start":{"line":153,"column":2},"end":{"line":153,"column":10}},"loc":{"start":{"line":153,"column":59},"end":{"line":158,"column":null}},"line":153},"7":{"name":"(anonymous_7)","decl":{"start":{"line":161,"column":2},"end":{"line":161,"column":21}},"loc":{"start":{"line":161,"column":21},"end":{"line":162,"column":null}},"line":161},"8":{"name":"(anonymous_8)","decl":{"start":{"line":165,"column":2},"end":{"line":165,"column":23}},"loc":{"start":{"line":165,"column":23},"end":{"line":166,"column":null}},"line":165},"9":{"name":"spawnShapes","decl":{"start":{"line":170,"column":16},"end":{"line":170,"column":null}},"loc":{"start":{"line":175,"column":11},"end":{"line":184,"column":null}},"line":175},"10":{"name":"(anonymous_10)","decl":{"start":{"line":181,"column":17},"end":{"line":181,"column":22}},"loc":{"start":{"line":181,"column":36},"end":{"line":184,"column":null}},"line":181}},"branchMap":{"0":{"loc":{"start":{"line":23,"column":67},"end":{"line":23,"column":80}},"type":"default-arg","locations":[{"start":{"line":23,"column":77},"end":{"line":23,"column":80}}],"line":23},"1":{"loc":{"start":{"line":36,"column":4},"end":{"line":36,"column":null}},"type":"if","locations":[{"start":{"line":36,"column":4},"end":{"line":36,"column":null}},{"start":{},"end":{}}],"line":36},"2":{"loc":{"start":{"line":40,"column":4},"end":{"line":42,"column":null}},"type":"if","locations":[{"start":{"line":40,"column":4},"end":{"line":42,"column":null}},{"start":{},"end":{}}],"line":40},"3":{"loc":{"start":{"line":44,"column":4},"end":{"line":46,"column":null}},"type":"if","locations":[{"start":{"line":44,"column":4},"end":{"line":46,"column":null}},{"start":{},"end":{}}],"line":44},"4":{"loc":{"start":{"line":46,"column":6},"end":{"line":46,"column":null}},"type":"if","locations":[{"start":{"line":46,"column":6},"end":{"line":46,"column":null}},{"start":{},"end":{}}],"line":46},"5":{"loc":{"start":{"line":55,"column":4},"end":{"line":71,"column":null}},"type":"switch","locations":[{"start":{"line":56,"column":6},"end":{"line":57,"column":null}},{"start":{"line":58,"column":6},"end":{"line":59,"column":null}},{"start":{"line":60,"column":6},"end":{"line":67,"column":null}},{"start":{"line":69,"column":6},"end":{"line":71,"column":null}}],"line":55},"6":{"loc":{"start":{"line":59,"column":15},"end":{"line":59,"column":null}},"type":"binary-expr","locations":[{"start":{"line":59,"column":15},"end":{"line":59,"column":36}},{"start":{"line":59,"column":36},"end":{"line":59,"column":null}}],"line":59},"7":{"loc":{"start":{"line":65,"column":8},"end":{"line":65,"column":null}},"type":"if","locations":[{"start":{"line":65,"column":8},"end":{"line":65,"column":null}},{"start":{},"end":{}}],"line":65},"8":{"loc":{"start":{"line":65,"column":12},"end":{"line":65,"column":36}},"type":"binary-expr","locations":[{"start":{"line":65,"column":12},"end":{"line":65,"column":25}},{"start":{"line":65,"column":25},"end":{"line":65,"column":36}}],"line":65},"9":{"loc":{"start":{"line":77,"column":4},"end":{"line":77,"column":null}},"type":"if","locations":[{"start":{"line":77,"column":4},"end":{"line":77,"column":null}},{"start":{},"end":{}}],"line":77},"10":{"loc":{"start":{"line":87,"column":4},"end":{"line":108,"column":null}},"type":"switch","locations":[{"start":{"line":88,"column":6},"end":{"line":90,"column":null}},{"start":{"line":91,"column":6},"end":{"line":93,"column":null}},{"start":{"line":94,"column":6},"end":{"line":99,"column":null}},{"start":{"line":100,"column":6},"end":{"line":108,"column":null}}],"line":87},"11":{"loc":{"start":{"line":105,"column":10},"end":{"line":105,"column":null}},"type":"if","locations":[{"start":{"line":105,"column":10},"end":{"line":105,"column":null}},{"start":{"line":105,"column":52},"end":{"line":105,"column":null}}],"line":105},"12":{"loc":{"start":{"line":139,"column":18},"end":{"line":139,"column":null}},"type":"cond-expr","locations":[{"start":{"line":139,"column":45},"end":{"line":139,"column":49}},{"start":{"line":139,"column":49},"end":{"line":139,"column":null}}],"line":139},"13":{"loc":{"start":{"line":174,"column":2},"end":{"line":174,"column":null}},"type":"default-arg","locations":[{"start":{"line":174,"column":10},"end":{"line":174,"column":null}}],"line":174}},"s":{"0":1,"1":31,"2":31,"3":31,"4":31,"5":31,"6":31,"7":31,"8":31,"9":31,"10":31,"11":31,"12":31,"13":31,"14":4,"15":1,"16":3,"17":3,"18":1,"19":1,"20":3,"21":1,"22":1,"23":0,"24":6,"25":6,"26":6,"27":6,"28":3,"29":3,"30":0,"31":0,"32":0,"33":0,"34":0,"35":0,"36":0,"37":0,"38":0,"39":0,"40":0,"41":0,"42":0,"43":0,"44":0,"45":0,"46":0,"47":0,"48":0,"49":0,"50":0,"51":0,"52":0,"53":0,"54":0,"55":0,"56":0,"57":0,"58":0,"59":0,"60":0,"61":0,"62":0,"63":0,"64":0,"65":0,"66":0,"67":0,"68":0,"69":0,"70":0,"71":0,"72":0,"73":0,"74":0,"75":0,"76":0,"77":0,"78":0,"79":0,"80":0,"81":0,"82":0,"83":0,"84":0,"85":0,"86":0,"87":0,"88":0,"89":0,"90":0,"91":0,"92":0,"93":0,"94":0,"95":0,"96":0,"97":2,"98":2,"99":4,"100":4,"101":4,"102":4,"103":4,"104":16,"105":16},"f":{"0":31,"1":4,"2":6,"3":0,"4":0,"5":0,"6":0,"7":2,"8":2,"9":4,"10":16},"b":{"0":[31],"1":[1,3],"2":[1,2],"3":[1,2],"4":[0,1],"5":[3,3,0,0],"6":[3,2],"7":[0,0],"8":[0,0],"9":[0,0],"10":[0,0,0,0],"11":[0,0],"12":[0,0],"13":[4]},"meta":{"lastBranch":14,"lastFunction":11,"lastStatement":106,"seen":{"s:5:33:5:Infinity":0,"f:23:2:23:14":0,"b:23:77:23:80":0,"s:16:10:16:Infinity":1,"s:18:10:18:Infinity":2,"s:19:12:19:Infinity":3,"s:20:16:20:Infinity":4,"s:21:17:21:Infinity":5,"s:24:4:24:Infinity":6,"s:25:4:25:Infinity":7,"s:26:4:26:Infinity":8,"s:27:4:27:Infinity":9,"s:28:4:28:Infinity":10,"s:29:4:30:Infinity":11,"s:31:4:31:Infinity":12,"s:32:4:32:Infinity":13,"f:35:2:35:9":1,"b:36:4:36:Infinity:undefined:undefined:undefined:undefined":1,"s:36:4:36:Infinity":14,"s:36:21:36:Infinity":15,"s:37:4:37:Infinity":16,"b:40:4:42:Infinity:undefined:undefined:undefined:undefined":2,"s:40:4:42:Infinity":17,"s:41:6:41:Infinity":18,"s:42:6:42:Infinity":19,"b:44:4:46:Infinity:undefined:undefined:undefined:undefined":3,"s:44:4:46:Infinity":20,"s:45:6:45:Infinity":21,"b:46:6:46:Infinity:undefined:undefined:undefined:undefined":4,"s:46:6:46:Infinity":22,"s:46:44:46:Infinity":23,"f:50:2:50:16":2,"s:51:15:51:Infinity":24,"s:52:15:52:Infinity":25,"s:53:14:53:Infinity":26,"b:56:6:57:Infinity:58:6:59:Infinity:60:6:67:Infinity:69:6:71:Infinity":5,"s:55:4:71:Infinity":27,"s:57:8:57:Infinity":28,"s:59:8:59:Infinity":29,"b:59:15:59:36:59:36:59:Infinity":6,"s:62:18:62:34":30,"s:63:21:63:Infinity":31,"s:64:21:64:Infinity":32,"b:65:8:65:Infinity:undefined:undefined:undefined:undefined":7,"s:65:8:65:Infinity":33,"b:65:12:65:25:65:25:65:36":8,"s:65:36:65:Infinity":34,"s:66:14:66:Infinity":35,"s:67:8:67:Infinity":36,"s:71:8:71:Infinity":37,"f:76:2:76:7":3,"b:77:4:77:Infinity:undefined:undefined:undefined:undefined":9,"s:77:4:77:Infinity":38,"s:77:21:77:Infinity":39,"s:78:4:78:Infinity":40,"s:79:4:79:Infinity":41,"s:80:4:80:Infinity":42,"s:81:4:81:Infinity":43,"s:83:14:83:Infinity":44,"s:86:4:86:Infinity":45,"b:88:6:90:Infinity:91:6:93:Infinity:94:6:99:Infinity:100:6:108:Infinity":10,"s:87:4:108:Infinity":46,"s:89:8:89:Infinity":47,"s:90:8:90:Infinity":48,"s:92:8:92:Infinity":49,"s:93:8:93:Infinity":50,"s:95:8:95:Infinity":51,"s:96:8:96:Infinity":52,"s:97:8:97:Infinity":53,"s:98:8:98:Infinity":54,"s:99:8:99:Infinity":55,"s:101:8:105:Infinity":56,"s:101:21:101:24":57,"s:102:25:102:Infinity":58,"s:103:21:103:Infinity":59,"s:104:21:104:Infinity":60,"b:105:10:105:Infinity:105:52:105:Infinity":11,"s:105:10:105:Infinity":61,"s:105:25:105:52":62,"s:105:54:105:Infinity":63,"s:107:8:107:Infinity":64,"s:108:8:108:Infinity":65,"s:112:17:112:67":66,"s:113:4:113:Infinity":67,"s:114:4:114:Infinity":68,"s:115:4:115:Infinity":69,"s:116:4:116:Infinity":70,"s:119:4:119:Infinity":71,"s:120:4:120:Infinity":72,"s:121:4:121:Infinity":73,"s:122:4:122:Infinity":74,"s:123:4:123:Infinity":75,"s:124:4:124:Infinity":76,"s:127:4:127:Infinity":77,"s:128:4:128:Infinity":78,"s:129:4:129:Infinity":79,"s:130:4:130:Infinity":80,"s:131:4:131:Infinity":81,"s:132:4:132:Infinity":82,"s:135:4:135:Infinity":83,"s:136:4:136:Infinity":84,"s:137:4:137:Infinity":85,"s:138:4:138:Infinity":86,"s:139:18:139:Infinity":87,"b:139:45:139:49:139:49:139:Infinity":12,"s:140:4:140:Infinity":88,"s:142:4:142:Infinity":89,"f:145:2:145:10":4,"s:146:4:146:Infinity":90,"f:149:2:149:10":5,"s:150:4:150:Infinity":91,"f:153:2:153:10":6,"s:154:16:154:42":92,"s:155:14:155:71":93,"s:156:14:156:70":94,"s:157:14:157:63":95,"s:158:4:158:Infinity":96,"f:161:2:161:21":7,"s:162:4:162:Infinity":97,"f:165:2:165:23":8,"s:166:4:166:Infinity":98,"f:170:16:170:Infinity":9,"b:174:10:174:Infinity":13,"s:176:16:176:Infinity":99,"s:177:8:177:Infinity":100,"s:178:22:178:Infinity":101,"s:179:18:179:Infinity":102,"s:181:2:184:Infinity":103,"f:181:17:181:22":10,"s:182:14:182:Infinity":104,"s:183:4:183:Infinity":105}}}
,"E:\\mathy\\src\\user.ts": {"path":"E:\\mathy\\src\\user.ts","statementMap":{"0":{"start":{"line":15,"column":2},"end":{"line":20,"column":null}},"1":{"start":{"line":23,"column":20},"end":{"line":23,"column":null}},"2":{"start":{"line":26,"column":36},"end":{"line":26,"column":null}},"3":{"start":{"line":29,"column":4},"end":{"line":29,"column":null}},"4":{"start":{"line":33,"column":4},"end":{"line":36,"column":null}},"5":{"start":{"line":33,"column":37},"end":{"line":36,"column":7}},"6":{"start":{"line":40,"column":14},"end":{"line":40,"column":56}},"7":{"start":{"line":40,"column":40},"end":{"line":40,"column":56}},"8":{"start":{"line":41,"column":4},"end":{"line":41,"column":null}},"9":{"start":{"line":41,"column":12},"end":{"line":41,"column":null}},"10":{"start":{"line":42,"column":4},"end":{"line":42,"column":null}},"11":{"start":{"line":46,"column":20},"end":{"line":46,"column":57}},"12":{"start":{"line":47,"column":4},"end":{"line":47,"column":null}},"13":{"start":{"line":47,"column":18},"end":{"line":47,"column":null}},"14":{"start":{"line":48,"column":4},"end":{"line":49,"column":null}},"15":{"start":{"line":48,"column":34},"end":{"line":48,"column":53}},"16":{"start":{"line":49,"column":6},"end":{"line":49,"column":null}},"17":{"start":{"line":51,"column":33},"end":{"line":55,"column":null}},"18":{"start":{"line":56,"column":4},"end":{"line":56,"column":null}},"19":{"start":{"line":57,"column":4},"end":{"line":57,"column":null}},"20":{"start":{"line":58,"column":4},"end":{"line":58,"column":null}},"21":{"start":{"line":62,"column":16},"end":{"line":62,"column":71}},"22":{"start":{"line":62,"column":47},"end":{"line":62,"column":71}},"23":{"start":{"line":63,"column":4},"end":{"line":63,"column":null}},"24":{"start":{"line":63,"column":20},"end":{"line":63,"column":null}},"25":{"start":{"line":64,"column":4},"end":{"line":64,"column":null}},"26":{"start":{"line":65,"column":4},"end":{"line":65,"column":null}},"27":{"start":{"line":69,"column":4},"end":{"line":69,"column":null}},"28":{"start":{"line":69,"column":48},"end":{"line":69,"column":64}},"29":{"start":{"line":70,"column":4},"end":{"line":70,"column":null}},"30":{"start":{"line":74,"column":4},"end":{"line":81,"column":null}},"31":{"start":{"line":75,"column":18},"end":{"line":75,"column":51}},"32":{"start":{"line":76,"column":6},"end":{"line":76,"column":null}},"33":{"start":{"line":76,"column":16},"end":{"line":76,"column":null}},"34":{"start":{"line":77,"column":19},"end":{"line":77,"column":34}},"35":{"start":{"line":78,"column":6},"end":{"line":78,"column":null}},"36":{"start":{"line":78,"column":32},"end":{"line":78,"column":null}},"37":{"start":{"line":79,"column":6},"end":{"line":79,"column":null}},"38":{"start":{"line":79,"column":38},"end":{"line":79,"column":54}},"39":{"start":{"line":79,"column":88},"end":{"line":79,"column":99}},"40":{"start":{"line":81,"column":6},"end":{"line":81,"column":null}},"41":{"start":{"line":86,"column":4},"end":{"line":86,"column":null}},"42":{"start":{"line":86,"column":41},"end":{"line":86,"column":null}},"43":{"start":{"line":87,"column":16},"end":{"line":87,"column":null}},"44":{"start":{"line":88,"column":17},"end":{"line":88,"column":null}},"45":{"start":{"line":89,"column":4},"end":{"line":89,"column":null}},"46":{"start":{"line":89,"column":15},"end":{"line":89,"column":null}},"47":{"start":{"line":91,"column":34},"end":{"line":91,"column":null}},"48":{"start":{"line":95,"column":4},"end":{"line":130,"column":null}},"49":{"start":{"line":96,"column":6},"end":{"line":96,"column":null}},"50":{"start":{"line":97,"column":27},"end":{"line":98,"column":null}},"51":{"start":{"line":98,"column":33},"end":{"line":98,"column":67}},"52":{"start":{"line":100,"column":6},"end":{"line":101,"column":null}},"53":{"start":{"line":101,"column":8},"end":{"line":101,"column":null}},"54":{"start":{"line":104,"column":6},"end":{"line":105,"column":null}},"55":{"start":{"line":105,"column":8},"end":{"line":105,"column":null}},"56":{"start":{"line":107,"column":15},"end":{"line":130,"column":null}},"57":{"start":{"line":108,"column":6},"end":{"line":108,"column":null}},"58":{"start":{"line":109,"column":26},"end":{"line":109,"column":null}},"59":{"start":{"line":110,"column":6},"end":{"line":122,"column":null}},"60":{"start":{"line":111,"column":22},"end":{"line":111,"column":null}},"61":{"start":{"line":112,"column":8},"end":{"line":122,"column":null}},"62":{"start":{"line":113,"column":20},"end":{"line":113,"column":null}},"63":{"start":{"line":114,"column":21},"end":{"line":116,"column":null}},"64":{"start":{"line":117,"column":25},"end":{"line":121,"column":16}},"65":{"start":{"line":119,"column":16},"end":{"line":119,"column":null}},"66":{"start":{"line":122,"column":10},"end":{"line":122,"column":null}},"67":{"start":{"line":126,"column":6},"end":{"line":127,"column":null}},"68":{"start":{"line":127,"column":8},"end":{"line":127,"column":null}},"69":{"start":{"line":130,"column":6},"end":{"line":130,"column":null}},"70":{"start":{"line":133,"column":4},"end":{"line":137,"column":null}},"71":{"start":{"line":141,"column":4},"end":{"line":143,"column":null}},"72":{"start":{"line":142,"column":6},"end":{"line":142,"column":null}},"73":{"start":{"line":150,"column":17},"end":{"line":150,"column":19}},"74":{"start":{"line":151,"column":2},"end":{"line":152,"column":null}},"75":{"start":{"line":152,"column":4},"end":{"line":152,"column":null}},"76":{"start":{"line":154,"column":2},"end":{"line":154,"column":null}}},"fnMap":{"0":{"name":"defaultProgress","decl":{"start":{"line":14,"column":9},"end":{"line":14,"column":58}},"loc":{"start":{"line":14,"column":58},"end":{"line":20,"column":null}},"line":14},"1":{"name":"(anonymous_1)","decl":{"start":{"line":28,"column":2},"end":{"line":28,"column":16}},"loc":{"start":{"line":28,"column":16},"end":{"line":29,"column":null}},"line":28},"2":{"name":"(anonymous_2)","decl":{"start":{"line":32,"column":2},"end":{"line":32,"column":24}},"loc":{"start":{"line":32,"column":24},"end":{"line":36,"column":null}},"line":32},"3":{"name":"(anonymous_3)","decl":{"start":{"line":33,"column":25},"end":{"line":33,"column":30}},"loc":{"start":{"line":33,"column":37},"end":{"line":36,"column":7}},"line":33},"4":{"name":"(anonymous_4)","decl":{"start":{"line":39,"column":2},"end":{"line":39,"column":6}},"loc":{"start":{"line":39,"column":45},"end":{"line":42,"column":null}},"line":39},"5":{"name":"(anonymous_5)","decl":{"start":{"line":40,"column":28},"end":{"line":40,"column":34}},"loc":{"start":{"line":40,"column":40},"end":{"line":40,"column":56}},"line":40},"6":{"name":"(anonymous_6)","decl":{"start":{"line":45,"column":2},"end":{"line":45,"column":9}},"loc":{"start":{"line":45,"column":36},"end":{"line":58,"column":null}},"line":45},"7":{"name":"(anonymous_7)","decl":{"start":{"line":48,"column":22},"end":{"line":48,"column":28}},"loc":{"start":{"line":48,"column":34},"end":{"line":48,"column":53}},"line":48},"8":{"name":"(anonymous_8)","decl":{"start":{"line":61,"column":2},"end":{"line":61,"column":7}},"loc":{"start":{"line":61,"column":35},"end":{"line":65,"column":null}},"line":61},"9":{"name":"(anonymous_9)","decl":{"start":{"line":62,"column":30},"end":{"line":62,"column":41}},"loc":{"start":{"line":62,"column":47},"end":{"line":62,"column":71}},"line":62},"10":{"name":"(anonymous_10)","decl":{"start":{"line":68,"column":2},"end":{"line":68,"column":9}},"loc":{"start":{"line":68,"column":29},"end":{"line":70,"column":null}},"line":68},"11":{"name":"(anonymous_11)","decl":{"start":{"line":69,"column":34},"end":{"line":69,"column":42}},"loc":{"start":{"line":69,"column":48},"end":{"line":69,"column":64}},"line":69},"12":{"name":"(anonymous_12)","decl":{"start":{"line":73,"column":2},"end":{"line":73,"column":10}},"loc":{"start":{"line":73,"column":32},"end":{"line":81,"column":null}},"line":73},"13":{"name":"(anonymous_13)","decl":{"start":{"line":79,"column":18},"end":{"line":79,"column":23}},"loc":{"start":{"line":79,"column":38},"end":{"line":79,"column":54}},"line":79},"14":{"name":"(anonymous_14)","decl":{"start":{"line":79,"column":56},"end":{"line":79,"column":64}},"loc":{"start":{"line":79,"column":88},"end":{"line":79,"column":99}},"line":79},"15":{"name":"(anonymous_15)","decl":{"start":{"line":85,"column":2},"end":{"line":85,"column":10}},"loc":{"start":{"line":85,"column":53},"end":{"line":137,"column":null}},"line":85},"16":{"name":"(anonymous_16)","decl":{"start":{"line":97,"column":57},"end":{"line":97,"column":null}},"loc":{"start":{"line":98,"column":33},"end":{"line":98,"column":67}},"line":98},"17":{"name":"(anonymous_17)","decl":{"start":{"line":118,"column":47},"end":{"line":118,"column":52}},"loc":{"start":{"line":119,"column":16},"end":{"line":119,"column":null}},"line":119},"18":{"name":"(anonymous_18)","decl":{"start":{"line":140,"column":2},"end":{"line":140,"column":10}},"loc":{"start":{"line":140,"column":26},"end":{"line":143,"column":null}},"line":140},"19":{"name":"cloneProgress","decl":{"start":{"line":149,"column":9},"end":{"line":149,"column":23}},"loc":{"start":{"line":149,"column":88},"end":{"line":154,"column":null}},"line":149}},"branchMap":{"0":{"loc":{"start":{"line":41,"column":4},"end":{"line":41,"column":null}},"type":"if","locations":[{"start":{"line":41,"column":4},"end":{"line":41,"column":null}},{"start":{},"end":{}}],"line":41},"1":{"loc":{"start":{"line":47,"column":4},"end":{"line":47,"column":null}},"type":"if","locations":[{"start":{"line":47,"column":4},"end":{"line":47,"column":null}},{"start":{},"end":{}}],"line":47},"2":{"loc":{"start":{"line":48,"column":4},"end":{"line":49,"column":null}},"type":"if","locations":[{"start":{"line":48,"column":4},"end":{"line":49,"column":null}},{"start":{},"end":{}}],"line":48},"3":{"loc":{"start":{"line":63,"column":4},"end":{"line":63,"column":null}},"type":"if","locations":[{"start":{"line":63,"column":4},"end":{"line":63,"column":null}},{"start":{},"end":{}}],"line":63},"4":{"loc":{"start":{"line":76,"column":6},"end":{"line":76,"column":null}},"type":"if","locations":[{"start":{"line":76,"column":6},"end":{"line":76,"column":null}},{"start":{},"end":{}}],"line":76},"5":{"loc":{"start":{"line":78,"column":6},"end":{"line":78,"column":null}},"type":"if","locations":[{"start":{"line":78,"column":6},"end":{"line":78,"column":null}},{"start":{},"end":{}}],"line":78},"6":{"loc":{"start":{"line":86,"column":4},"end":{"line":86,"column":null}},"type":"if","locations":[{"start":{"line":86,"column":4},"end":{"line":86,"column":null}},{"start":{},"end":{}}],"line":86},"7":{"loc":{"start":{"line":86,"column":8},"end":{"line":86,"column":41}},"type":"binary-expr","locations":[{"start":{"line":86,"column":8},"end":{"line":86,"column":16}},{"start":{"line":86,"column":16},"end":{"line":86,"column":41}}],"line":86},"8":{"loc":{"start":{"line":88,"column":17},"end":{"line":88,"column":null}},"type":"cond-expr","locations":[{"start":{"line":88,"column":48},"end":{"line":88,"column":89}},{"start":{"line":88,"column":92},"end":{"line":88,"column":null}}],"line":88},"9":{"loc":{"start":{"line":89,"column":4},"end":{"line":89,"column":null}},"type":"if","locations":[{"start":{"line":89,"column":4},"end":{"line":89,"column":null}},{"start":{},"end":{}}],"line":89},"10":{"loc":{"start":{"line":95,"column":4},"end":{"line":130,"column":null}},"type":"if","locations":[{"start":{"line":95,"column":4},"end":{"line":130,"column":null}},{"start":{"line":107,"column":15},"end":{"line":130,"column":null}}],"line":95},"11":{"loc":{"start":{"line":104,"column":6},"end":{"line":105,"column":null}},"type":"if","locations":[{"start":{"line":104,"column":6},"end":{"line":105,"column":null}},{"start":{},"end":{}}],"line":104},"12":{"loc":{"start":{"line":107,"column":15},"end":{"line":130,"column":null}},"type":"if","locations":[{"start":{"line":107,"column":15},"end":{"line":130,"column":null}},{"start":{"line":129,"column":11},"end":{"line":130,"column":null}}],"line":107},"13":{"loc":{"start":{"line":107,"column":15},"end":{"line":107,"column":65}},"type":"binary-expr","locations":[{"start":{"line":107,"column":15},"end":{"line":107,"column":31}},{"start":{"line":107,"column":31},"end":{"line":107,"column":65}}],"line":107},"14":{"loc":{"start":{"line":112,"column":8},"end":{"line":122,"column":null}},"type":"if","locations":[{"start":{"line":112,"column":8},"end":{"line":122,"column":null}},{"start":{},"end":{}}],"line":112},"15":{"loc":{"start":{"line":112,"column":12},"end":{"line":112,"column":48}},"type":"binary-expr","locations":[{"start":{"line":112,"column":12},"end":{"line":112,"column":21}},{"start":{"line":112,"column":21},"end":{"line":112,"column":48}}],"line":112},"16":{"loc":{"start":{"line":114,"column":21},"end":{"line":116,"column":null}},"type":"cond-expr","locations":[{"start":{"line":115,"column":14},"end":{"line":115,"column":68}},{"start":{"line":116,"column":14},"end":{"line":116,"column":null}}],"line":114},"17":{"loc":{"start":{"line":114,"column":21},"end":{"line":114,"column":85}},"type":"binary-expr","locations":[{"start":{"line":114,"column":21},"end":{"line":114,"column":60}},{"start":{"line":114,"column":60},"end":{"line":114,"column":85}}],"line":114},"18":{"loc":{"start":{"line":117,"column":25},"end":{"line":121,"column":16}},"type":"cond-expr","locations":[{"start":{"line":118,"column":15},"end":{"line":120,"column":28}},{"start":{"line":121,"column":14},"end":{"line":121,"column":16}}],"line":117},"19":{"loc":{"start":{"line":119,"column":16},"end":{"line":119,"column":null}},"type":"cond-expr","locations":[{"start":{"line":119,"column":55},"end":{"line":119,"column":69}},{"start":{"line":119,"column":72},"end":{"line":119,"column":null}}],"line":119},"20":{"loc":{"start":{"line":119,"column":16},"end":{"line":119,"column":52}},"type":"binary-expr","locations":[{"start":{"line":119,"column":16},"end":{"line":119,"column":41}},{"start":{"line":119,"column":41},"end":{"line":119,"column":52}}],"line":119},"21":{"loc":{"start":{"line":126,"column":6},"end":{"line":127,"column":null}},"type":"if","locations":[{"start":{"line":126,"column":6},"end":{"line":127,"column":null}},{"start":{},"end":{}}],"line":126},"22":{"loc":{"start":{"line":135,"column":17},"end":{"line":135,"column":null}},"type":"cond-expr","locations":[{"start":{"line":135,"column":80},"end":{"line":135,"column":106}},{"start":{"line":135,"column":109},"end":{"line":135,"column":null}}],"line":135},"23":{"loc":{"start":{"line":135,"column":17},"end":{"line":135,"column":77}},"type":"binary-expr","locations":[{"start":{"line":135,"column":17},"end":{"line":135,"column":54}},{"start":{"line":135,"column":54},"end":{"line":135,"column":77}}],"line":135}},"s":{"0":35,"1":2,"2":35,"3":35,"4":5,"5":5,"6":16,"7":15,"8":16,"9":2,"10":14,"11":32,"12":32,"13":1,"14":31,"15":4,"16":1,"17":30,"18":30,"19":30,"20":30,"21":10,"22":10,"23":10,"24":0,"25":10,"26":10,"27":1,"28":2,"29":1,"30":35,"31":35,"32":35,"33":30,"34":5,"35":5,"36":0,"37":4,"38":5,"39":5,"40":1,"41":5,"42":0,"43":5,"44":5,"45":5,"46":0,"47":5,"48":5,"49":2,"50":2,"51":3,"52":2,"53":3,"54":2,"55":0,"56":3,"57":3,"58":3,"59":3,"60":12,"61":12,"62":12,"63":12,"64":12,"65":6,"66":12,"67":3,"68":0,"69":0,"70":5,"71":41,"72":41,"73":19,"74":19,"75":76,"76":19},"f":{"0":35,"1":35,"2":5,"3":5,"4":16,"5":15,"6":32,"7":4,"8":10,"9":10,"10":1,"11":2,"12":35,"13":5,"14":5,"15":5,"16":3,"17":6,"18":41,"19":19},"b":{"0":[2,14],"1":[1,31],"2":[1,30],"3":[0,10],"4":[30,5],"5":[0,5],"6":[0,5],"7":[5,5],"8":[5,0],"9":[0,5],"10":[2,3],"11":[0,2],"12":[3,0],"13":[3,3],"14":[12,0],"15":[12,12],"16":[12,0],"17":[12,12],"18":[12,0],"19":[6,0],"20":[6,6],"21":[0,3],"22":[5,0],"23":[5,5]},"meta":{"lastBranch":24,"lastFunction":20,"lastStatement":77,"seen":{"f:14:9:14:58":0,"s:15:2:20:Infinity":0,"s:23:20:23:Infinity":1,"f:28:2:28:16":1,"s:26:36:26:Infinity":2,"s:29:4:29:Infinity":3,"f:32:2:32:24":2,"s:33:4:36:Infinity":4,"f:33:25:33:30":3,"s:33:37:36:7":5,"f:39:2:39:6":4,"s:40:14:40:56":6,"f:40:28:40:34":5,"s:40:40:40:56":7,"b:41:4:41:Infinity:undefined:undefined:undefined:undefined":0,"s:41:4:41:Infinity":8,"s:41:12:41:Infinity":9,"s:42:4:42:Infinity":10,"f:45:2:45:9":6,"s:46:20:46:57":11,"b:47:4:47:Infinity:undefined:undefined:undefined:undefined":1,"s:47:4:47:Infinity":12,"s:47:18:47:Infinity":13,"b:48:4:49:Infinity:undefined:undefined:undefined:undefined":2,"s:48:4:49:Infinity":14,"f:48:22:48:28":7,"s:48:34:48:53":15,"s:49:6:49:Infinity":16,"s:51:33:55:Infinity":17,"s:56:4:56:Infinity":18,"s:57:4:57:Infinity":19,"s:58:4:58:Infinity":20,"f:61:2:61:7":8,"s:62:16:62:71":21,"f:62:30:62:41":9,"s:62:47:62:71":22,"b:63:4:63:Infinity:undefined:undefined:undefined:undefined":3,"s:63:4:63:Infinity":23,"s:63:20:63:Infinity":24,"s:64:4:64:Infinity":25,"s:65:4:65:Infinity":26,"f:68:2:68:9":10,"s:69:4:69:Infinity":27,"f:69:34:69:42":11,"s:69:48:69:64":28,"s:70:4:70:Infinity":29,"f:73:2:73:10":12,"s:74:4:81:Infinity":30,"s:75:18:75:51":31,"b:76:6:76:Infinity:undefined:undefined:undefined:undefined":4,"s:76:6:76:Infinity":32,"s:76:16:76:Infinity":33,"s:77:19:77:34":34,"b:78:6:78:Infinity:undefined:undefined:undefined:undefined":5,"s:78:6:78:Infinity":35,"s:78:32:78:Infinity":36,"s:79:6:79:Infinity":37,"f:79:18:79:23":13,"s:79:38:79:54":38,"f:79:56:79:64":14,"s:79:88:79:99":39,"s:81:6:81:Infinity":40,"f:85:2:85:10":15,"b:86:4:86:Infinity:undefined:undefined:undefined:undefined":6,"s:86:4:86:Infinity":41,"b:86:8:86:16:86:16:86:41":7,"s:86:41:86:Infinity":42,"s:87:16:87:Infinity":43,"s:88:17:88:Infinity":44,"b:88:48:88:89:88:92:88:Infinity":8,"b:89:4:89:Infinity:undefined:undefined:undefined:undefined":9,"s:89:4:89:Infinity":45,"s:89:15:89:Infinity":46,"s:91:34:91:Infinity":47,"b:95:4:130:Infinity:107:15:130:Infinity":10,"s:95:4:130:Infinity":48,"s:96:6:96:Infinity":49,"s:97:27:98:Infinity":50,"f:97:57:97:Infinity":16,"s:98:33:98:67":51,"s:100:6:101:Infinity":52,"s:101:8:101:Infinity":53,"b:104:6:105:Infinity:undefined:undefined:undefined:undefined":11,"s:104:6:105:Infinity":54,"s:105:8:105:Infinity":55,"b:107:15:130:Infinity:129:11:130:Infinity":12,"s:107:15:130:Infinity":56,"b:107:15:107:31:107:31:107:65":13,"s:108:6:108:Infinity":57,"s:109:26:109:Infinity":58,"s:110:6:122:Infinity":59,"s:111:22:111:Infinity":60,"b:112:8:122:Infinity:undefined:undefined:undefined:undefined":14,"s:112:8:122:Infinity":61,"b:112:12:112:21:112:21:112:48":15,"s:113:20:113:Infinity":62,"s:114:21:116:Infinity":63,"b:115:14:115:68:116:14:116:Infinity":16,"b:114:21:114:60:114:60:114:85":17,"s:117:25:121:16":64,"b:118:15:120:28:121:14:121:16":18,"f:118:47:118:52":17,"s:119:16:119:Infinity":65,"b:119:55:119:69:119:72:119:Infinity":19,"b:119:16:119:41:119:41:119:52":20,"s:122:10:122:Infinity":66,"b:126:6:127:Infinity:undefined:undefined:undefined:undefined":21,"s:126:6:127:Infinity":67,"s:127:8:127:Infinity":68,"s:130:6:130:Infinity":69,"s:133:4:137:Infinity":70,"b:135:80:135:106:135:109:135:Infinity":22,"b:135:17:135:54:135:54:135:77":23,"f:140:2:140:10":18,"s:141:4:143:Infinity":71,"s:142:6:142:Infinity":72,"f:149:9:149:23":19,"s:150:17:150:19":73,"s:151:2:152:Infinity":74,"s:152:4:152:Infinity":75,"s:154:2:154:Infinity":76}}}
}
